[www.giuligartner.com/about.html]
[backblue.gif]
[fade.gif]
[index.html]
[uploads-ssl.webflow.com/60db5e59f76ae577e9f50d42/css/giuligartner.webflow.601e8c8b8.min.css]
[cdn.jsdelivr.net/npm/@finsweet/attributes-copyclip@1/copyclip.js]
[cdn.jsdelivr.net/npm/@finsweet/attributes-autovideo@1/autovideo.js]
[www.giuligartner.com/stills.html]
[www.giuligartner.com/motion.html]
[www.giuligartner.com/index.html]
[uploads-ssl.webflow.com/60db5e59f76ae577e9f50d42/635e509877408d75da804c25_Parker Scmidt-205.jpg]
[uploads-ssl.webflow.com/60db5e59f76ae577e9f50d42/61f7f6a452675ad591cfd1a8_photo-creative-6.jpg]
[uploads-ssl.webflow.com/60db5e59f76ae577e9f50d42/61f7f6a498d63ab45b056cb8_photo-creative-3.jpg]
[uploads-ssl.webflow.com/60db5e59f76ae577e9f50d42/635e4fddb16556675ceb906f_97660031.jpg]
[uploads-ssl.webflow.com/60db5e59f76ae577e9f50d42/635e4f897080454b764d417c_AG_CORNWALL_DEC2021_10.jpg]
[uploads-ssl.webflow.com/60db5e59f76ae577e9f50d42/61f7f6a3627fccd34acd48ef_photo-creative-2.jpg]
[uploads-ssl.webflow.com/60db5e59f76ae577e9f50d42/61f7f6a45b40c6821923f5cd_photo-creative-7.jpg]
[uploads-ssl.webflow.com/60db5e59f76ae577e9f50d42/61f7f6a3d5cc93956ba3a8e0_photo-creative-1.jpg]
[uploads-ssl.webflow.com/60db5e59f76ae577e9f50d42/61f7f6a3de0d47fc1aa15e38_photo-creative-5.jpg]
[uploads-ssl.webflow.com/60db5e59f76ae577e9f50d42/61f7f6a33d99edf26f104aab_photo-creative-4.jpg]
[uploads-ssl.webflow.com/60db5e59f76ae577e9f50d42/63769165d4de2442394ed214_giulia-cold.jpg]
[uploads-ssl.webflow.com/60db5e59f76ae577e9f50d42/63769165c83b013d52239a63_giulia-warm.jpg]
[d3e54v103j8qbb.cloudfront.net/js/jquery-3.5.1.min.dc5e7f18c86b8d.js]
[uploads-ssl.webflow.com/60db5e59f76ae577e9f50d42/js/webflow.4c8d63443.js]
[cdn.jsdelivr.net/gh/studio-freight/lenis@0.2.28/bundled/lenis.js]
[cdnjs.cloudflare.com/ajax/libs/gsap/3.11.3/gsap.min.js]
[www.giuligartner.com/about.html]
[cdnjs.cloudflare.com/ajax/libs/gsap/3.11.3/ScrollTrigger.min.js]
[uploads-ssl.webflow.com/60db5e59f76ae577e9f50d42/60e488bfc45685c61a395120_Grain.png]
[uploads-ssl.webflow.com/60db5e59f76ae577e9f50d42/css/giuligartner.webflow.601e8c8b8.min.css]
[uploads-ssl.webflow.com/60db5e59f76ae577e9f50d42/61e939dee9c133675fbab858_Photo - Dolomites - 1.jpg]
[uploads-ssl.webflow.com/60db5e59f76ae577e9f50d42/61e939de8821f377935af4c3_Photo - Dolomites - 2.jpg]
[uploads-ssl.webflow.com/60db5e59f76ae577e9f50d42/61e939de360c7c91700e9743_Photo - Dolomites - 3.jpg]
[uploads-ssl.webflow.com/60eeb025115a75902b86a796/636e58bc6814353894114eaa_follow-the-tracks-preview-left.jpg]
[www.giuligartner.com/stills/follow-the-tracks.html]
[uploads-ssl.webflow.com/60eeb025115a75902b86a796/636e58bec0125c0bb24a1993_follow-the-tracks-preview-right.jpg]
[uploads-ssl.webflow.com/60eeb025115a75902b86a796/636e58a592fb7b4db982c315_cayuga-collection-preview-left.jpg]
[www.giuligartner.com/stills/cayuga-collection.html]
[uploads-ssl.webflow.com/60eeb025115a75902b86a796/636e58a8a32be0a9103ba1e5_cayuga-collection-preview-right.jpg]
[www.giuligartner.com/motion/amelia.html]
[uploads-ssl.webflow.com/60eeb025115a75902b86a796/636012bd2248e8047dc4d4e4_amelia-cover.jpg]
[uploads-ssl.webflow.com/60eeb025115a75902b86a796/638dbe66153918a719590b8a_amelia-small-1 (1).jpg]
[uploads-ssl.webflow.com/60eeb025115a75902b86a796/638dbe6bb55f59b65ba50249_amelia-small-2 (1).jpg]
[www.giuligartner.com/index.html]
[uploads-ssl.webflow.com/60eeb025115a75902b86a796/638dbe6fdd44deb587cacf33_amelia-small-3 (1).jpg]
[uploads-ssl.webflow.com/60eeb025115a75902b86a796/636e58b1a32be074f33ba242_inspired-by-iceland-preview-left.jpg]
[www.giuligartner.com/stills/inspired-by-iceland.html]
[uploads-ssl.webflow.com/60eeb025115a75902b86a796/636e58b5c0125ca42f4a197a_inspired-by-iceland-preview-right.jpg]
[uploads-ssl.webflow.com/60eeb025115a75902b86a796/636e58c7f2c48f847966b087_the-pill-preview-left.jpg]
[www.giuligartner.com/stills/the-pill.html]
[uploads-ssl.webflow.com/60eeb025115a75902b86a796/636e58c8154a527e9b2ab4bc_the-pill-preview-right.jpg]
[uploads-ssl.webflow.com/60eeb025115a75902b86a796/636e58d2c0125c00904a1a21_tijn-eyewear-preview-left.jpg]
[www.giuligartner.com/stills/tijn-eyewear.html]
[uploads-ssl.webflow.com/60eeb025115a75902b86a796/636e58d4b0633054d963d585_tijn-eyewear-preview-right.jpg]
[uploads-ssl.webflow.com/60eeb025115a75902b86a796/636e58deef41c90efe02f6e0_travel-alberta-preview-left.jpg]
[www.giuligartner.com/stills/travel-alberta.html]
[uploads-ssl.webflow.com/60eeb025115a75902b86a796/636e58df9f60d8a9f8bc2265_travel-alberta-preview-right.jpg]
[www.giuligartner.com/stills.html]
[uploads-ssl.webflow.com/60eeb025115a75902b86a796/63601419e09babe38cf98880_nuances-of-noise-cover.jpg]
[uploads-ssl.webflow.com/60eeb025115a75902b86a796/636bf79993d67df33f00c257_nuances-of-noise-small-1.jpg]
[uploads-ssl.webflow.com/60eeb025115a75902b86a796/636bf79cc38dd15546cc4539_nuances-of-noise-small-2.jpg]
[uploads-ssl.webflow.com/60eeb025115a75902b86a796/636bf79db14d5e3e6268439a_nuances-of-noise-small-3.jpg]
[www.giuligartner.com/motion/underskin.html]
[uploads-ssl.webflow.com/60eeb025115a75902b86a796/6360154e36d2d06313025b93_underskin-cover.jpg]
[uploads-ssl.webflow.com/60eeb025115a75902b86a796/638c70c295fb433df83f9dae_underskin-small-2.jpg]
[uploads-ssl.webflow.com/60eeb025115a75902b86a796/638dbf7598d5bb657b2f5e6e_underskin-small-1 (1) (1).jpg]
[uploads-ssl.webflow.com/60eeb025115a75902b86a796/638dc05b98d5bb8d452f6aa8_underskin-small-3 (1) (1).jpg]
[www.giuligartner.com/motion/the-girl-with-the-yellow-jacket.html]
[uploads-ssl.webflow.com/60eeb025115a75902b86a796/636015ebffc53eedffccea96_yellow-jacket-cover.jpg]
[uploads-ssl.webflow.com/60eeb025115a75902b86a796/636bf7a915b5220dfe85b24d_underskin-small-1.jpg]
[uploads-ssl.webflow.com/60eeb025115a75902b86a796/636bf7aab520df264266bb7c_underskin-small-2.jpg]
[www.giuligartner.com/motion.html]
[uploads-ssl.webflow.com/60eeb025115a75902b86a796/636bf7abf698e1e84e05a3e5_underskin-small-3.jpg]
[uploads-ssl.webflow.com/60eeb025115a75902b86a796/61ead8a967734652a595cf42_Follow The Track - Header.jpg]
[uploads-ssl.webflow.com/60eeb025115a75902b86a796/61ead8f1f0f4311de4b3fc8c_Follow The Track - Header.png]
[uploads-ssl.webflow.com/60eeb025115a75902b86a796/61ead768a46f9d75eb0cce93_Follow The Track - 1.jpg]
[uploads-ssl.webflow.com/60eeb025115a75902b86a796/61ead7759dbb0b3fbed3579d_Follow The Track - 2.jpg]
[uploads-ssl.webflow.com/60eeb025115a75902b86a796/61ead779a46f9d6d550ccef3_Follow The Track - 3.jpg]
[uploads-ssl.webflow.com/60eeb025115a75902b86a796/61ead78036ad7440f51436d8_Follow The Track - 4.jpg]
[uploads-ssl.webflow.com/60eeb025115a75902b86a796/61ead787fc00c4f6a1a43755_Follow The Track - 6.jpg]
[uploads-ssl.webflow.com/60eeb025115a75902b86a796/61ead7887c949c4b21cd3dc2_Follow The Track - 7.jpg]
[uploads-ssl.webflow.com/60eeb025115a75902b86a796/61ead79afc00c4eb60a4396c_Follow The Track - 5.jpg]
[uploads-ssl.webflow.com/60eeb025115a75902b86a796/61ead79cb3fa023ebbff0c07_Follow The Track - 8.jpg]
[uploads-ssl.webflow.com/60eeb025115a75902b86a796/61ead96e36ad746bb2144a76_Inspired By Iceland - Header.jpg]
[uploads-ssl.webflow.com/60eeb025115a75902b86a796/61ead494c5a101428a19bcb8_Cayuga Collection - Header.jpg]
[uploads-ssl.webflow.com/60eeb025115a75902b86a796/61ead299d2b31c140a6296cc_The Pill - Header.jpg]
[uploads-ssl.webflow.com/60eeb025115a75902b86a796/61ead06206a03b74fe7ad6f1_TIJN Eyewear - Header.jpg]
[uploads-ssl.webflow.com/60eeb025115a75902b86a796/61eaccc9212599494b1230e3_Travel Alberta - Header.jpg]
[cdn.jsdelivr.net/npm/@splidejs/splide@4.1.3/dist/css/splide.min.css]
[www.giuligartner.com/stills/follow-the-tracks.html]
[cdn.jsdelivr.net/npm/@splidejs/splide@4.1.3/dist/js/splide.min.js]
[uploads-ssl.webflow.com/60eeb025115a75902b86a796/61ead499a46f9d50530cb95b_Cayuga Collection - Header.png]
[uploads-ssl.webflow.com/60eeb025115a75902b86a796/61ead4c2f0f4310d18b3d57e_Cayuga Collection - 1.jpg]
[uploads-ssl.webflow.com/60eeb025115a75902b86a796/61ead52dd28f3804b85f3da4_Cayuga Collection - 4.jpg]
[uploads-ssl.webflow.com/60eeb025115a75902b86a796/61ead53210089a81e4abf178_Cayuga Collection - 3.jpg]
[uploads-ssl.webflow.com/60eeb025115a75902b86a796/61ead53994a3ff653bdd103c_Cayuga Collection - 7.jpg]
[uploads-ssl.webflow.com/60eeb025115a75902b86a796/61ead5437ab1c53ad50a7ede_Cayuga Collection - 5.jpg]
[uploads-ssl.webflow.com/60eeb025115a75902b86a796/61ead549e89cf916717fe662_Cayuga Collection - 2.jpg]
[uploads-ssl.webflow.com/60eeb025115a75902b86a796/61ead557819c036ba148d1ae_Cayuga Collection - 8.jpg]
[uploads-ssl.webflow.com/60eeb025115a75902b86a796/61ead55811f37629d1bcd052_Cayuga Collection - 6.jpg]
[www.giuligartner.com/stills/cayuga-collection.html]
[uploads-ssl.webflow.com/60eeb025115a75902b86a796/636012deb9248c1eb1b09ea0_amelia-frame-1.jpg]
[uploads-ssl.webflow.com/60eeb025115a75902b86a796/636012de71827483a474ccb2_amelia-frame-2.jpg]
[uploads-ssl.webflow.com/60eeb025115a75902b86a796/636012de80eb703be71add91_amelia-frame-3.jpg]
[uploads-ssl.webflow.com/60eeb025115a75902b86a796/636012de14697f5b494ab8ba_amelia-frame-4.jpg]
[uploads-ssl.webflow.com/60eeb025115a75902b86a796/636012e2183e60c290950ea3_amelia-frame-5.jpg]
[uploads-ssl.webflow.com/60eeb025115a75902b86a796/636012e2bc911635666911db_amelia-frame-6.jpg]
[uploads-ssl.webflow.com/60eeb025115a75902b86a796/636012e25de4aa1981aed859_amelia-frame-7.jpg]
[uploads-ssl.webflow.com/60eeb025115a75902b86a796/636012e26f1d023dd5badc97_amelia-frame-8.jpg]
[uploads-ssl.webflow.com/60eeb025115a75902b86a796/636ab4f81b3a3c4fc08b6e94_amelia-bts-1.jpg]
[uploads-ssl.webflow.com/60eeb025115a75902b86a796/636ab4f8e8103db12dfcc0d2_amelia-bts-3.jpg]
[uploads-ssl.webflow.com/60eeb025115a75902b86a796/636ab4f7c9f2ad517872d693_amelia-bts-8.jpg]
[uploads-ssl.webflow.com/60eeb025115a75902b86a796/636ab4f8a7ac136fd5a5a1be_amelia-bts-6.jpg]
[uploads-ssl.webflow.com/60eeb025115a75902b86a796/636ab4f8f9b0bc4f2b7d253f_amelia-bts-7.jpg]
[uploads-ssl.webflow.com/60eeb025115a75902b86a796/636ab4f791e958b9ab8aafd2_amelia-bts-5.jpg]
[uploads-ssl.webflow.com/60eeb025115a75902b86a796/636ab4f82ebd5eb60fb9655c_amelia-bts-4.jpg]
[uploads-ssl.webflow.com/60eeb025115a75902b86a796/636ab4f72f2ded6177a29eb4_amelia-bts-2.jpg]
[www.giuligartner.com/motion/amelia.html]
[player.vimeo.com/api/player.js]
[uploads-ssl.webflow.com/60eeb025115a75902b86a796/61ead9725c2a056bf7512377_Inspired By Iceland - Header.png]
[uploads-ssl.webflow.com/60eeb025115a75902b86a796/61ead983c936926a9b68e149_Inspired By Iceland - 4.jpg]
[uploads-ssl.webflow.com/60eeb025115a75902b86a796/61ead98811f376f82dbcfdc2_Inspired By Iceland - 7.jpg]
[uploads-ssl.webflow.com/60eeb025115a75902b86a796/61ead990319aa9827d9ab496_Inspired By Iceland - 1.jpg]
[uploads-ssl.webflow.com/60eeb025115a75902b86a796/61ead9982b9a7cbdcae0e977_Inspired By Iceland - 5.jpg]
[uploads-ssl.webflow.com/60eeb025115a75902b86a796/61ead99cc6a189151880de0c_Inspired By Iceland - 2.jpg]
[uploads-ssl.webflow.com/60eeb025115a75902b86a796/61ead99dcd0b6594dbd3a951_Inspired By Iceland - 8.jpg]
[uploads-ssl.webflow.com/60eeb025115a75902b86a796/61ead9d15c2a0531425127a0_Inspired By Iceland - 9.jpg]
[uploads-ssl.webflow.com/60eeb025115a75902b86a796/61ead9a12e874261146960ac_Inspired By Iceland - 3.jpg]
[uploads-ssl.webflow.com/60eeb025115a75902b86a796/61ead9c97ab58739dfcde1f9_Inspired By Iceland - 10.jpg]
[uploads-ssl.webflow.com/60eeb025115a75902b86a796/61ead9d0d5c9cc9f8cb1a0b5_Inspired By Iceland - 6.jpg]
[www.giuligartner.com/stills/inspired-by-iceland.html]
[uploads-ssl.webflow.com/60eeb025115a75902b86a796/61ead29caae1ad16fcb1833d_The Pill - Header.png]
[uploads-ssl.webflow.com/60eeb025115a75902b86a796/61ead36f319aa920df9a997c_The Pill - 1.jpg]
[uploads-ssl.webflow.com/60eeb025115a75902b86a796/61ead3776e062fea66683b25_The Pill - 2.jpg]
[uploads-ssl.webflow.com/60eeb025115a75902b86a796/61ead38636ad747d4114007a_The Pill - 3.jpg]
[uploads-ssl.webflow.com/60eeb025115a75902b86a796/61ead390f0f4315b61b3d21c_The Pill - 6.jpg]
[uploads-ssl.webflow.com/60eeb025115a75902b86a796/61ead396819c03740748af87_The Pill - 4.jpg]
[uploads-ssl.webflow.com/60eeb025115a75902b86a796/61ead39dabb868f330a717b7_The Pill - 5.jpg]
[uploads-ssl.webflow.com/60eeb025115a75902b86a796/61ead3a611f376ceb0bcc4db_The Pill - 8.jpg]
[uploads-ssl.webflow.com/60eeb025115a75902b86a796/61ead3a8330d2fe0221d36bc_The Pill - 7.jpg]
[www.giuligartner.com/stills/the-pill.html]
[uploads-ssl.webflow.com/60eeb025115a75902b86a796/61ead068fcab4ded7d5f0a02_TIJN Eyewear - Header.png]
[uploads-ssl.webflow.com/60eeb025115a75902b86a796/61ead115e7a2377a90992f5c_TIJN Eyewear - 2.jpg]
[uploads-ssl.webflow.com/60eeb025115a75902b86a796/61ead124aae1ad007bb17d8f_TIJN Eyewear - 1.jpg]
[uploads-ssl.webflow.com/60eeb025115a75902b86a796/61ead12d8a1644e1902240e2_TIJN Eyewear - 3.jpg]
[uploads-ssl.webflow.com/60eeb025115a75902b86a796/61ead13910f51ca72f4bf3cc_TIJN Eyewear - 4.jpg]
[uploads-ssl.webflow.com/60eeb025115a75902b86a796/61ead13682e9b61a0185a837_TIJN Eyewear - 6.jpg]
[uploads-ssl.webflow.com/60eeb025115a75902b86a796/61ead14395140743120f6e0a_TIJN Eyewear - 7.jpg]
[uploads-ssl.webflow.com/60eeb025115a75902b86a796/61ead14d8a1644ff482243a8_TIJN Eyewear - 8.jpg]
[uploads-ssl.webflow.com/60eeb025115a75902b86a796/61ead17a58dd200188878e58_TIJN Eyewear - 5.jpg]
[www.giuligartner.com/stills/tijn-eyewear.html]
[uploads-ssl.webflow.com/60eeb025115a75902b86a796/61eacccd951407f58b0f3f1f_Travel Alberta - Header.png]
[uploads-ssl.webflow.com/60eeb025115a75902b86a796/61eacd9090c81c7ee3803dbb_Travel Alberta - 7.jpg]
[uploads-ssl.webflow.com/60eeb025115a75902b86a796/61eacd702c86681df333c340_Travel Alberta - 4.jpg]
[uploads-ssl.webflow.com/60eeb025115a75902b86a796/61eacd44414d2c7731b3848d_Travel Alberta - 1.jpg]
[uploads-ssl.webflow.com/60eeb025115a75902b86a796/61eacd4ec4344e440949db76_Travel Alberta - 2.jpg]
[uploads-ssl.webflow.com/60eeb025115a75902b86a796/61eacda80f0b4aac797cc3a6_Travel Alberta - 5.jpg]
[uploads-ssl.webflow.com/60eeb025115a75902b86a796/61eacdaf07ec68824f31da71_Travel Alberta - 6.jpg]
[uploads-ssl.webflow.com/60eeb025115a75902b86a796/61eacdda06066a237bbe2d37_Travel Alberta - 8.jpg]
[www.giuligartner.com/stills/travel-alberta.html]
[uploads-ssl.webflow.com/60eeb025115a75902b86a796/6360153e663cb04f304fba38_underskin-frame-1.jpg]
[uploads-ssl.webflow.com/60eeb025115a75902b86a796/6360153e863cd524e1869c12_underskin-frame-2.jpg]
[uploads-ssl.webflow.com/60eeb025115a75902b86a796/6360153e4c25ce990cca15c2_underskin-frame-3.jpg]
[uploads-ssl.webflow.com/60eeb025115a75902b86a796/6360153effc53e0d90cce25b_underskin-frame-4.jpg]
[uploads-ssl.webflow.com/60eeb025115a75902b86a796/636015443379a7b05c0fd62c_underskin-frame-5.jpg]
[uploads-ssl.webflow.com/60eeb025115a75902b86a796/636015440ebdd13230cb10d1_underskin-frame-6.jpg]
[uploads-ssl.webflow.com/60eeb025115a75902b86a796/6360154403d20171ce076aa9_underskin-frame-7.jpg]
[uploads-ssl.webflow.com/60eeb025115a75902b86a796/6360154403d201cb9d076aaa_underskin-frame-8.jpg]
[uploads-ssl.webflow.com/60eeb025115a75902b86a796/636ab51f1b3a3c51888b704d_underskin-bts-1.jpg]
[uploads-ssl.webflow.com/60eeb025115a75902b86a796/636ab51f4bdb1178044724ed_underskin-bts-2.jpg]
[uploads-ssl.webflow.com/60eeb025115a75902b86a796/636ab51f2afef87aed7ad688_underskin-bts-3.jpg]
[uploads-ssl.webflow.com/60eeb025115a75902b86a796/636ab51f66ad31d226665008_underskin-bts-4.jpg]
[uploads-ssl.webflow.com/60eeb025115a75902b86a796/636ab51fe8103d80ddfcc197_underskin-bts-5.jpg]
[uploads-ssl.webflow.com/60eeb025115a75902b86a796/636ab51f8c6670e57501ed9f_underskin-bts-6.jpg]
[uploads-ssl.webflow.com/60eeb025115a75902b86a796/636ab51f8c6670b0a101eda0_underskin-bts-7.jpg]
[uploads-ssl.webflow.com/60eeb025115a75902b86a796/636ab51f3d7b970f292f9c16_underskin-bts-8.jpg]
[www.giuligartner.com/motion/underskin.html]
[uploads-ssl.webflow.com/60eeb025115a75902b86a796/61eeb03ce27eea2ae7b232ca_Yellow Jacket - Frame - 1.jpg]
[uploads-ssl.webflow.com/60eeb025115a75902b86a796/61eeb040c50874236ecd7fab_Yellow Jacket - Frame - 2.jpg]
[uploads-ssl.webflow.com/60eeb025115a75902b86a796/61eeb0421b74756f817874d5_Yellow Jacket - Frame - 3.jpg]
[uploads-ssl.webflow.com/60eeb025115a75902b86a796/61eeb04786a3de636e8abfe7_Yellow Jacket - Frame - 4.jpg]
[uploads-ssl.webflow.com/60eeb025115a75902b86a796/61eeb04a8b23d8371088365a_Yellow Jacket - Frame - 5.jpg]
[uploads-ssl.webflow.com/60eeb025115a75902b86a796/61eeb04d3b330e0b4c6c5710_Yellow Jacket - Frame - 6.jpg]
[uploads-ssl.webflow.com/60eeb025115a75902b86a796/61eeb05045f7a0b41da4bd3e_Yellow Jacket - Frame - 7.jpg]
[uploads-ssl.webflow.com/60eeb025115a75902b86a796/61eeb052e8e287aa8eb91dc9_Yellow Jacket - Frame - 8.jpg]
[uploads-ssl.webflow.com/60eeb025115a75902b86a796/636ab52c45fbf13af061f4fe_yellow-jacket-bts-1.jpg]
[uploads-ssl.webflow.com/60eeb025115a75902b86a796/636ab52c3d7b97ccba2f9c4a_yellow-jacket-bts-2.jpg]
[uploads-ssl.webflow.com/60eeb025115a75902b86a796/636ab52c91e9587a258ab162_yellow-jacket-bts-3.jpg]
[uploads-ssl.webflow.com/60eeb025115a75902b86a796/636ab52ccf49e76936d0ea34_yellow-jacket-bts-4.jpg]
[uploads-ssl.webflow.com/60eeb025115a75902b86a796/636ab52ccf49e7c3ffd0ea3b_yellow-jacket-bts-5.jpg]
[uploads-ssl.webflow.com/60eeb025115a75902b86a796/636ab52c0e1bd20ad5aacbf7_yellow-jacket-bts-6.jpg]
[uploads-ssl.webflow.com/60eeb025115a75902b86a796/636ab52c66ad311644665181_yellow-jacket-bts-7.jpg]
[uploads-ssl.webflow.com/60eeb025115a75902b86a796/636ab52c4bdb1125e2472594_yellow-jacket-bts-8.jpg]
[www.giuligartner.com/motion/the-girl-with-the-yellow-jacket.html]
[cdn.jsdelivr.net/npm/@splidejs/splide@4.1.3/dist/css/splide.min.css]
[www.giuligartner.com/_https_/uploads-ssl.webflow.com/60db5e59f76ae577e9f50d42/6139d03190e20858dec6d960_Video Portrait BW-poster-00001.jpg_]
[www.giuligartner.com/_https_/uploads-ssl.webflow.com/60db5e59f76ae577e9f50d42/63600c288b483e9c7398616b_reel-poster-00001.jpg_]
[www.giuligartner.com/motion/nuances-of-noise]
